--------------------
./configure
Tue May 19 21:57:14 EDT 2015
Checking for gcc...
=== ztest4022.c ===
extern int getchar();
int hello() {return getchar();}
===
gcc -c ztest4022.c
... using gcc

Checking for obsessive-compulsive compiler options...
=== ztest4022.c ===
int foo() { return 0; }
===
gcc -c -O3 ztest4022.c

Checking for shared library support...
=== ztest4022.c ===
extern int getchar();
int hello() {return getchar();}
===
gcc -w -c -O3 -fPIC ztest4022.c
gcc -dynamiclib -install_name ${exec_prefix}/lib/libz.1.dylib -compatibility_version 1 -current_version 1.2.8 -O3 -fPIC -o ztest4022.dylib ztest4022.o
Building shared library libz.1.2.8.dylib with gcc.

=== ztest4022.c ===
#include <sys/types.h>
off64_t dummy = 0;
===
gcc -c -O3 -D_LARGEFILE64_SOURCE=1 ztest4022.c
ztest4022.c:2:1: error: unknown type name 'off64_t'; did you mean 'off_t'?
off64_t dummy = 0;
^~~~~~~
off_t
/usr/include/sys/_types/_off_t.h:30:25: note: 'off_t' declared here
typedef __darwin_off_t          off_t;
                                ^
1 error generated.
(exit code 1)
Checking for off64_t... No.

=== ztest4022.c ===
#include <stdio.h>
int main(void) {
  fseeko(NULL, 0, 0);
  return 0;
}
===
gcc -O3 -o ztest4022 ztest4022.c
Checking for fseeko... Yes.

=== ztest4022.c ===
#include <string.h>
#include <errno.h>
int main() { return strlen(strerror(errno)); }
===
gcc -O3 -o ztest4022 ztest4022.c
Checking for strerror... Yes.

=== ztest4022.c ===
#include <unistd.h>
int main() { return 0; }
===
gcc -c -O3 ztest4022.c
Checking for unistd.h... Yes.

=== ztest4022.c ===
#include <stdarg.h>
int main() { return 0; }
===
gcc -c -O3 ztest4022.c
Checking for stdarg.h... Yes.

=== ztest4022.c ===
#include <stdio.h>
#include <stdarg.h>
#include "zconf.h"
int main()
{
#ifndef STDC
  choke me
#endif
  return 0;
}
===
gcc -c -O3 ztest4022.c
Checking whether to use vs[n]printf() or s[n]printf()... using vs[n]printf().

=== ztest4022.c ===
#include <stdio.h>
#include <stdarg.h>
int mytest(const char *fmt, ...)
{
  char buf[20];
  va_list ap;
  va_start(ap, fmt);
  vsnprintf(buf, sizeof(buf), fmt, ap);
  va_end(ap);
  return 0;
}
int main()
{
  return (mytest("Hello%d\n", 1));
}
===
gcc -O3 -o ztest4022 ztest4022.c
Checking for vsnprintf() in stdio.h... Yes.

=== ztest4022.c ===
#include <stdio.h>
#include <stdarg.h>
int mytest(const char *fmt, ...)
{
  int n;
  char buf[20];
  va_list ap;
  va_start(ap, fmt);
  n = vsnprintf(buf, sizeof(buf), fmt, ap);
  va_end(ap);
  return n;
}
int main()
{
  return (mytest("Hello%d\n", 1));
}
===
gcc -c -O3 ztest4022.c
Checking for return value of vsnprintf()... Yes.

=== ztest4022.c ===
#define ZLIB_INTERNAL __attribute__((visibility ("hidden")))
int ZLIB_INTERNAL foo;
int main()
{
  return 0;
}
===
gcc -c -O3 ztest4022.c
Checking for attribute(visibility) support... Yes.

ALL = static shared
AR = libtool
ARFLAGS = -o
CC = gcc
CFLAGS = -O3 -DHAVE_HIDDEN
CPP = gcc -E
EXE =
LDCONFIG = ldconfig
LDFLAGS =
LDSHARED = gcc -dynamiclib -install_name ${exec_prefix}/lib/libz.1.dylib -compatibility_version 1 -current_version 1.2.8
LDSHAREDLIBC = -lc
OBJC = $(OBJZ) $(OBJG)
PIC_OBJC = $(PIC_OBJZ) $(PIC_OBJG)
RANLIB = ranlib
SFLAGS = -O3 -fPIC -DHAVE_HIDDEN
SHAREDLIB = libz.dylib
SHAREDLIBM = libz.1.dylib
SHAREDLIBV = libz.1.2.8.dylib
STATICLIB = libz.a
TEST = all teststatic testshared
VER = 1.2.8
Z_U4 =
exec_prefix = ${prefix}
includedir = ${prefix}/include
libdir = ${exec_prefix}/lib
mandir = ${prefix}/share/man
prefix = /usr/local
sharedlibdir = ${libdir}
uname = Darwin
--------------------


--------------------
./configure
Wed May 20 17:34:04 EDT 2015
Checking for gcc...
=== ztest10632.c ===
extern int getchar();
int hello() {return getchar();}
===
gcc -c ztest10632.c
... using gcc

Checking for obsessive-compulsive compiler options...
=== ztest10632.c ===
int foo() { return 0; }
===
gcc -c -O3 ztest10632.c

Checking for shared library support...
=== ztest10632.c ===
extern int getchar();
int hello() {return getchar();}
===
gcc -w -c -O3 -fPIC ztest10632.c
gcc -dynamiclib -install_name ${exec_prefix}/lib/libz.1.dylib -compatibility_version 1 -current_version 1.2.8 -O3 -fPIC -o ztest10632.dylib ztest10632.o
Building shared library libz.1.2.8.dylib with gcc.

=== ztest10632.c ===
#include <sys/types.h>
off64_t dummy = 0;
===
gcc -c -O3 -D_LARGEFILE64_SOURCE=1 ztest10632.c
ztest10632.c:2:1: error: unknown type name 'off64_t'; did you mean 'off_t'?
off64_t dummy = 0;
^~~~~~~
off_t
/usr/include/sys/_types/_off_t.h:30:25: note: 'off_t' declared here
typedef __darwin_off_t          off_t;
                                ^
1 error generated.
(exit code 1)
Checking for off64_t... No.

=== ztest10632.c ===
#include <stdio.h>
int main(void) {
  fseeko(NULL, 0, 0);
  return 0;
}
===
gcc -O3 -o ztest10632 ztest10632.c
Checking for fseeko... Yes.

=== ztest10632.c ===
#include <string.h>
#include <errno.h>
int main() { return strlen(strerror(errno)); }
===
gcc -O3 -o ztest10632 ztest10632.c
Checking for strerror... Yes.

=== ztest10632.c ===
#include <unistd.h>
int main() { return 0; }
===
gcc -c -O3 ztest10632.c
Checking for unistd.h... Yes.

=== ztest10632.c ===
#include <stdarg.h>
int main() { return 0; }
===
gcc -c -O3 ztest10632.c
Checking for stdarg.h... Yes.

=== ztest10632.c ===
#include <stdio.h>
#include <stdarg.h>
#include "zconf.h"
int main()
{
#ifndef STDC
  choke me
#endif
  return 0;
}
===
gcc -c -O3 ztest10632.c
Checking whether to use vs[n]printf() or s[n]printf()... using vs[n]printf().

=== ztest10632.c ===
#include <stdio.h>
#include <stdarg.h>
int mytest(const char *fmt, ...)
{
  char buf[20];
  va_list ap;
  va_start(ap, fmt);
  vsnprintf(buf, sizeof(buf), fmt, ap);
  va_end(ap);
  return 0;
}
int main()
{
  return (mytest("Hello%d\n", 1));
}
===
gcc -O3 -o ztest10632 ztest10632.c
Checking for vsnprintf() in stdio.h... Yes.

=== ztest10632.c ===
#include <stdio.h>
#include <stdarg.h>
int mytest(const char *fmt, ...)
{
  int n;
  char buf[20];
  va_list ap;
  va_start(ap, fmt);
  n = vsnprintf(buf, sizeof(buf), fmt, ap);
  va_end(ap);
  return n;
}
int main()
{
  return (mytest("Hello%d\n", 1));
}
===
gcc -c -O3 ztest10632.c
Checking for return value of vsnprintf()... Yes.

=== ztest10632.c ===
#define ZLIB_INTERNAL __attribute__((visibility ("hidden")))
int ZLIB_INTERNAL foo;
int main()
{
  return 0;
}
===
gcc -c -O3 ztest10632.c
Checking for attribute(visibility) support... Yes.

ALL = static shared
AR = libtool
ARFLAGS = -o
CC = gcc
CFLAGS = -O3 -DHAVE_HIDDEN
CPP = gcc -E
EXE =
LDCONFIG = ldconfig
LDFLAGS =
LDSHARED = gcc -dynamiclib -install_name ${exec_prefix}/lib/libz.1.dylib -compatibility_version 1 -current_version 1.2.8
LDSHAREDLIBC = -lc
OBJC = $(OBJZ) $(OBJG)
PIC_OBJC = $(PIC_OBJZ) $(PIC_OBJG)
RANLIB = ranlib
SFLAGS = -O3 -fPIC -DHAVE_HIDDEN
SHAREDLIB = libz.dylib
SHAREDLIBM = libz.1.dylib
SHAREDLIBV = libz.1.2.8.dylib
STATICLIB = libz.a
TEST = all teststatic testshared
VER = 1.2.8
Z_U4 =
exec_prefix = ${prefix}
includedir = ${prefix}/include
libdir = ${exec_prefix}/lib
mandir = ${prefix}/share/man
prefix = /usr/local
sharedlibdir = ${libdir}
uname = Darwin
--------------------


--------------------
./configure
Thu May 21 13:45:31 EDT 2015
Checking for gcc...
=== ztest14749.c ===
extern int getchar();
int hello() {return getchar();}
===
gcc -c ztest14749.c
... using gcc

Checking for obsessive-compulsive compiler options...
=== ztest14749.c ===
int foo() { return 0; }
===
gcc -c -O3 ztest14749.c

Checking for shared library support...
=== ztest14749.c ===
extern int getchar();
int hello() {return getchar();}
===
gcc -w -c -O3 -fPIC ztest14749.c
gcc -dynamiclib -install_name ${exec_prefix}/lib/libz.1.dylib -compatibility_version 1 -current_version 1.2.8 -O3 -fPIC -o ztest14749.dylib ztest14749.o
Building shared library libz.1.2.8.dylib with gcc.

=== ztest14749.c ===
#include <sys/types.h>
off64_t dummy = 0;
===
gcc -c -O3 -D_LARGEFILE64_SOURCE=1 ztest14749.c
ztest14749.c:2:1: error: unknown type name 'off64_t'; did you mean 'off_t'?
off64_t dummy = 0;
^~~~~~~
off_t
/usr/include/sys/_types/_off_t.h:30:25: note: 'off_t' declared here
typedef __darwin_off_t          off_t;
                                ^
1 error generated.
(exit code 1)
Checking for off64_t... No.

=== ztest14749.c ===
#include <stdio.h>
int main(void) {
  fseeko(NULL, 0, 0);
  return 0;
}
===
gcc -O3 -o ztest14749 ztest14749.c
Checking for fseeko... Yes.

=== ztest14749.c ===
#include <string.h>
#include <errno.h>
int main() { return strlen(strerror(errno)); }
===
gcc -O3 -o ztest14749 ztest14749.c
Checking for strerror... Yes.

=== ztest14749.c ===
#include <unistd.h>
int main() { return 0; }
===
gcc -c -O3 ztest14749.c
Checking for unistd.h... Yes.

=== ztest14749.c ===
#include <stdarg.h>
int main() { return 0; }
===
gcc -c -O3 ztest14749.c
Checking for stdarg.h... Yes.

=== ztest14749.c ===
#include <stdio.h>
#include <stdarg.h>
#include "zconf.h"
int main()
{
#ifndef STDC
  choke me
#endif
  return 0;
}
===
gcc -c -O3 ztest14749.c
Checking whether to use vs[n]printf() or s[n]printf()... using vs[n]printf().

=== ztest14749.c ===
#include <stdio.h>
#include <stdarg.h>
int mytest(const char *fmt, ...)
{
  char buf[20];
  va_list ap;
  va_start(ap, fmt);
  vsnprintf(buf, sizeof(buf), fmt, ap);
  va_end(ap);
  return 0;
}
int main()
{
  return (mytest("Hello%d\n", 1));
}
===
gcc -O3 -o ztest14749 ztest14749.c
Checking for vsnprintf() in stdio.h... Yes.

=== ztest14749.c ===
#include <stdio.h>
#include <stdarg.h>
int mytest(const char *fmt, ...)
{
  int n;
  char buf[20];
  va_list ap;
  va_start(ap, fmt);
  n = vsnprintf(buf, sizeof(buf), fmt, ap);
  va_end(ap);
  return n;
}
int main()
{
  return (mytest("Hello%d\n", 1));
}
===
gcc -c -O3 ztest14749.c
Checking for return value of vsnprintf()... Yes.

=== ztest14749.c ===
#define ZLIB_INTERNAL __attribute__((visibility ("hidden")))
int ZLIB_INTERNAL foo;
int main()
{
  return 0;
}
===
gcc -c -O3 ztest14749.c
Checking for attribute(visibility) support... Yes.

ALL = static shared
AR = libtool
ARFLAGS = -o
CC = gcc
CFLAGS = -O3 -DHAVE_HIDDEN
CPP = gcc -E
EXE =
LDCONFIG = ldconfig
LDFLAGS =
LDSHARED = gcc -dynamiclib -install_name ${exec_prefix}/lib/libz.1.dylib -compatibility_version 1 -current_version 1.2.8
LDSHAREDLIBC = -lc
OBJC = $(OBJZ) $(OBJG)
PIC_OBJC = $(PIC_OBJZ) $(PIC_OBJG)
RANLIB = ranlib
SFLAGS = -O3 -fPIC -DHAVE_HIDDEN
SHAREDLIB = libz.dylib
SHAREDLIBM = libz.1.dylib
SHAREDLIBV = libz.1.2.8.dylib
STATICLIB = libz.a
TEST = all teststatic testshared
VER = 1.2.8
Z_U4 =
exec_prefix = ${prefix}
includedir = ${prefix}/include
libdir = ${exec_prefix}/lib
mandir = ${prefix}/share/man
prefix = /usr/local
sharedlibdir = ${libdir}
uname = Darwin
--------------------


